build/app/intermediates/manifest_merge_blame_file/release/manifest-merger-blame-release-report.txt
1<?xml version="1.0" encoding="utf-8"?>
2<manifest xmlns:android="http://schemas.android.com/apk/res/android"
3    package="com.valorantinfo"
4    android:versionCode="1"
5    android:versionName="1.0.0" >
6
7    <uses-sdk
8        android:minSdkVersion="16"
8-->src/main/AndroidManifest.xml
9        android:targetSdkVersion="28" />
9-->src/main/AndroidManifest.xml
10
11    <uses-permission android:name="android.permission.INTERNET" />
11-->src/main/AndroidManifest.xml:4:5-67
11-->src/main/AndroidManifest.xml:4:22-64
12
13    <application
13-->src/main/AndroidManifest.xml:6:5-25:19
14        android:name="io.flutter.app.FlutterApplication"
14-->src/main/AndroidManifest.xml:7:9-57
15        android:appComponentFactory="androidx.core.app.CoreComponentFactory"
15-->[androidx.core:core:1.0.0] AndroidManifest.xml:22:18-86
16        android:icon="@mipmap/launcher_icon"
16-->src/main/AndroidManifest.xml:9:9-45
17        android:label="Valorant Info" >
17-->src/main/AndroidManifest.xml:8:9-38
18        <activity
18-->src/main/AndroidManifest.xml:10:9-21:20
19            android:name="com.valorantinfo.MainActivity"
19-->src/main/AndroidManifest.xml:11:13-41
20            android:configChanges="orientation|keyboardHidden|keyboard|screenSize|smallestScreenSize|locale|layoutDirection|fontScale|screenLayout|density|uiMode"
20-->src/main/AndroidManifest.xml:14:13-163
21            android:hardwareAccelerated="true"
21-->src/main/AndroidManifest.xml:15:13-47
22            android:launchMode="singleTop"
22-->src/main/AndroidManifest.xml:12:13-43
23            android:theme="@style/LaunchTheme"
23-->src/main/AndroidManifest.xml:13:13-47
24            android:windowSoftInputMode="adjustResize" >
24-->src/main/AndroidManifest.xml:16:13-55
25            <intent-filter>
25-->src/main/AndroidManifest.xml:17:13-20:29
26                <action android:name="android.intent.action.MAIN" />
26-->src/main/AndroidManifest.xml:18:17-68
26-->src/main/AndroidManifest.xml:18:25-66
27
28                <category android:name="android.intent.category.LAUNCHER" />
28-->src/main/AndroidManifest.xml:19:17-76
28-->src/main/AndroidManifest.xml:19:27-74
29            </intent-filter>
30        </activity>
31
32        <meta-data
32-->src/main/AndroidManifest.xml:22:9-24:33
33            android:name="flutterEmbedding"
33-->src/main/AndroidManifest.xml:23:13-44
34            android:value="2" />
34-->src/main/AndroidManifest.xml:24:13-30
35    </application>
36
37</manifest>